<?xml version="1.0" encoding="UTF-8"?>
<testsuite xmlns:xsi="http://www.w3.org/2001/XMLSchema-instance" xsi:noNamespaceSchemaLocation="https://maven.apache.org/surefire/maven-surefire-plugin/xsd/surefire-test-report-3.0.xsd" version="3.0" name="com.fluentia.pulseapi.integration.MonitorRecheckIntegrationTest" time="3.578" tests="1" errors="0" skipped="0" failures="0">
  <properties>
[...]
</properties>
  <testcase name="shouldRecheckMonitor" classname="com.fluentia.pulseapi.integration.MonitorRecheckIntegrationTest" time="0.295">
    <system-out><![CDATA[2026-02-24T13:56:10.253-03:00  INFO 28529 --- [pulseapi] [           main] tc.postgres:16-alpine                    : Creating container for image: postgres:16-alpine
2026-02-24T13:56:10.333-03:00  INFO 28529 --- [pulseapi] [           main] tc.postgres:16-alpine                    : Container postgres:16-alpine is starting: 1e05f9cafd2f567db280cce2e831bcad692d9e10f4ad19a9a79f0d53417884d8
2026-02-24T13:56:11.715-03:00  INFO 28529 --- [pulseapi] [           main] tc.postgres:16-alpine                    : Container postgres:16-alpine started in PT1.462003212S
2026-02-24T13:56:11.716-03:00  INFO 28529 --- [pulseapi] [           main] tc.postgres:16-alpine                    : Container is started (JDBC URL: jdbc:postgresql://localhost:32811/pulseapi?loggerLevel=OFF)
2026-02-24T13:56:11.717-03:00  INFO 28529 --- [pulseapi] [           main] t.c.s.AnnotationConfigContextLoaderUtils : Could not detect default configuration classes for test class [com.fluentia.pulseapi.integration.MonitorRecheckIntegrationTest]: MonitorRecheckIntegrationTest does not declare any static, non-private, non-final, nested classes annotated with @Configuration.
2026-02-24T13:56:11.720-03:00  INFO 28529 --- [pulseapi] [           main] .b.t.c.SpringBootTestContextBootstrapper : Found @SpringBootConfiguration com.fluentia.pulseapi.PulseApiApplication for test class com.fluentia.pulseapi.integration.MonitorRecheckIntegrationTest

  .   ____          _            __ _ _
 /\\ / ___'_ __ _ _(_)_ __  __ _ \ \ \ \
( ( )\___ | '_ | '_| | '_ \/ _` | \ \ \ \
 \\/  ___)| |_)| | | | | || (_| |  ) ) ) )
  '  |____| .__|_| |_|_| |_\__, | / / / /
 =========|_|==============|___/=/_/_/_/
 :: Spring Boot ::                (v3.2.5)

2026-02-24T13:56:11.755-03:00  INFO 28529 --- [pulseapi] [           main] c.f.p.i.MonitorRecheckIntegrationTest    : Starting MonitorRecheckIntegrationTest using Java 25.0.2 with PID 28529 (started by epaim in /home/epaim/fluentiaapi)
2026-02-24T13:56:11.756-03:00  INFO 28529 --- [pulseapi] [           main] c.f.p.i.MonitorRecheckIntegrationTest    : The following 1 profile is active: "test"
2026-02-24T13:56:12.011-03:00  INFO 28529 --- [pulseapi] [           main] .s.d.r.c.RepositoryConfigurationDelegate : Bootstrapping Spring Data JPA repositories in DEFAULT mode.
2026-02-24T13:56:12.019-03:00  INFO 28529 --- [pulseapi] [           main] .s.d.r.c.RepositoryConfigurationDelegate : Finished Spring Data repository scanning in 7 ms. Found 6 JPA repository interfaces.
2026-02-24T13:56:12.122-03:00  INFO 28529 --- [pulseapi] [           main] o.s.b.w.embedded.tomcat.TomcatWebServer  : Tomcat initialized with port 0 (http)
2026-02-24T13:56:12.123-03:00  INFO 28529 --- [pulseapi] [           main] o.apache.catalina.core.StandardService   : Starting service [Tomcat]
2026-02-24T13:56:12.123-03:00  INFO 28529 --- [pulseapi] [           main] o.apache.catalina.core.StandardEngine    : Starting Servlet engine: [Apache Tomcat/10.1.20]
2026-02-24T13:56:12.133-03:00  INFO 28529 --- [pulseapi] [           main] o.a.c.c.C.[Tomcat].[localhost].[/]       : Initializing Spring embedded WebApplicationContext
2026-02-24T13:56:12.133-03:00  INFO 28529 --- [pulseapi] [           main] w.s.c.ServletWebServerApplicationContext : Root WebApplicationContext: initialization completed in 375 ms
2026-02-24T13:56:12.247-03:00  INFO 28529 --- [pulseapi] [           main] org.flywaydb.core.FlywayExecutor         : Database: jdbc:postgresql://localhost:32811/pulseapi (PostgreSQL 16.12)
2026-02-24T13:56:12.251-03:00  WARN 28529 --- [pulseapi] [           main] o.f.c.internal.database.base.Database    : Flyway upgrade recommended: PostgreSQL 16.12 is newer than this version of Flyway and support has not been tested. The latest supported version of PostgreSQL is 15.
2026-02-24T13:56:12.258-03:00  INFO 28529 --- [pulseapi] [           main] o.f.c.i.s.JdbcTableSchemaHistory         : Schema history table "public"."flyway_schema_history" does not exist yet
2026-02-24T13:56:12.259-03:00  INFO 28529 --- [pulseapi] [           main] o.f.core.internal.command.DbValidate     : Successfully validated 5 migrations (execution time 00:00.004s)
2026-02-24T13:56:12.269-03:00  INFO 28529 --- [pulseapi] [           main] o.f.c.i.s.JdbcTableSchemaHistory         : Creating Schema History table "public"."flyway_schema_history" ...
2026-02-24T13:56:12.295-03:00  INFO 28529 --- [pulseapi] [           main] o.f.core.internal.command.DbMigrate      : Current version of schema "public": << Empty Schema >>
2026-02-24T13:56:12.299-03:00  INFO 28529 --- [pulseapi] [           main] o.f.core.internal.command.DbMigrate      : Migrating schema "public" to version "1 - init schema"
2026-02-24T13:56:12.343-03:00  INFO 28529 --- [pulseapi] [           main] o.f.core.internal.command.DbMigrate      : Migrating schema "public" to version "2 - monitors updated at trigger"
2026-02-24T13:56:12.346-03:00  INFO 28529 --- [pulseapi] [           main] o.f.c.i.s.DefaultSqlScriptExecutor       : DB: trigger "trg_monitors_updated_at" for relation "monitors" does not exist, skipping
2026-02-24T13:56:12.353-03:00  INFO 28529 --- [pulseapi] [           main] o.f.core.internal.command.DbMigrate      : Migrating schema "public" to version "3 - monitor check fields"
2026-02-24T13:56:12.364-03:00  INFO 28529 --- [pulseapi] [           main] o.f.core.internal.command.DbMigrate      : Migrating schema "public" to version "4 - incident alerts"
2026-02-24T13:56:12.378-03:00  INFO 28529 --- [pulseapi] [           main] o.f.core.internal.command.DbMigrate      : Migrating schema "public" to version "5 - metrics indexes"
2026-02-24T13:56:12.386-03:00  INFO 28529 --- [pulseapi] [           main] o.f.core.internal.command.DbMigrate      : Successfully applied 5 migrations to schema "public", now at version v5 (execution time 00:00.059s)
2026-02-24T13:56:12.412-03:00  INFO 28529 --- [pulseapi] [           main] o.hibernate.jpa.internal.util.LogHelper  : HHH000204: Processing PersistenceUnitInfo [name: default]
2026-02-24T13:56:12.414-03:00  INFO 28529 --- [pulseapi] [           main] o.h.c.internal.RegionFactoryInitiator    : HHH000026: Second-level cache disabled
2026-02-24T13:56:12.418-03:00  INFO 28529 --- [pulseapi] [           main] o.s.o.j.p.SpringPersistenceUnitInfo      : No LoadTimeWeaver setup: ignoring JPA class transformer
2026-02-24T13:56:12.419-03:00  INFO 28529 --- [pulseapi] [           main] com.zaxxer.hikari.HikariDataSource       : HikariPool-2 - Starting...
2026-02-24T13:56:12.432-03:00  INFO 28529 --- [pulseapi] [           main] com.zaxxer.hikari.pool.HikariPool        : HikariPool-2 - Added connection org.postgresql.jdbc.PgConnection@3f159c49
2026-02-24T13:56:12.432-03:00  INFO 28529 --- [pulseapi] [           main] com.zaxxer.hikari.HikariDataSource       : HikariPool-2 - Start completed.
2026-02-24T13:56:12.597-03:00  INFO 28529 --- [pulseapi] [           main] o.h.e.t.j.p.i.JtaPlatformInitiator       : HHH000489: No JTA platform available (set 'hibernate.transaction.jta.platform' to enable JTA platform integration)
2026-02-24T13:56:12.615-03:00  INFO 28529 --- [pulseapi] [           main] j.LocalContainerEntityManagerFactoryBean : Initialized JPA EntityManagerFactory for persistence unit 'default'
2026-02-24T13:56:12.833-03:00  WARN 28529 --- [pulseapi] [           main] JpaBaseConfiguration$JpaWebConfiguration : spring.jpa.open-in-view is enabled by default. Therefore, database queries may be performed during view rendering. Explicitly configure spring.jpa.open-in-view to disable this warning
2026-02-24T13:56:12.966-03:00  INFO 28529 --- [pulseapi] [           main] o.s.b.a.e.web.EndpointLinksResolver      : Exposing 1 endpoint(s) beneath base path '/actuator'
2026-02-24T13:56:12.985-03:00  INFO 28529 --- [pulseapi] [           main] o.s.s.web.DefaultSecurityFilterChain     : Will secure any request with [org.springframework.security.web.session.DisableEncodeUrlFilter@4933952d, org.springframework.security.web.context.request.async.WebAsyncManagerIntegrationFilter@571ae6d5, org.springframework.security.web.context.SecurityContextHolderFilter@3132e390, org.springframework.security.web.header.HeaderWriterFilter@3ea44e17, org.springframework.web.filter.CorsFilter@48b5a380, org.springframework.security.web.authentication.logout.LogoutFilter@1c5c560a, com.fluentia.pulseapi.infrastructure.security.JwtAuthenticationFilter@33a228d8, org.springframework.security.web.savedrequest.RequestCacheAwareFilter@5efcc5ed, org.springframework.security.web.servletapi.SecurityContextHolderAwareRequestFilter@3fdabaf6, org.springframework.security.web.authentication.AnonymousAuthenticationFilter@54a336d8, org.springframework.security.web.session.SessionManagementFilter@19a67422, org.springframework.security.web.access.ExceptionTranslationFilter@2ec53774, org.springframework.security.web.access.intercept.AuthorizationFilter@641f5513]
2026-02-24T13:56:13.175-03:00  INFO 28529 --- [pulseapi] [           main] o.s.b.w.embedded.tomcat.TomcatWebServer  : Tomcat started on port 36899 (http) with context path ''
2026-02-24T13:56:13.180-03:00  INFO 28529 --- [pulseapi] [           main] c.f.p.i.MonitorRecheckIntegrationTest    : Started MonitorRecheckIntegrationTest in 1.456 seconds (process running for 15.008)
2026-02-24T13:56:13.200-03:00  INFO 28529 --- [pulseapi] [o-auto-2-exec-1] o.a.c.c.C.[Tomcat].[localhost].[/]       : Initializing Spring DispatcherServlet 'dispatcherServlet'
2026-02-24T13:56:13.200-03:00  INFO 28529 --- [pulseapi] [o-auto-2-exec-1] o.s.web.servlet.DispatcherServlet        : Initializing Servlet 'dispatcherServlet'
2026-02-24T13:56:13.201-03:00  INFO 28529 --- [pulseapi] [o-auto-2-exec-1] o.s.web.servlet.DispatcherServlet        : Completed initialization in 1 ms
]]></system-out>
  </testcase>
</testsuite>